\BOOKMARK [1][-]{section.1}{Paper Overview}{}% 1
\BOOKMARK [2][-]{subsection.1.1}{Basic Information}{section.1}% 2
\BOOKMARK [2][-]{subsection.1.2}{Definitions}{section.1}% 3
\BOOKMARK [2][-]{subsection.1.3}{Groundings}{section.1}% 4
\BOOKMARK [3][-]{subsubsection.1.3.1}{Constant}{subsection.1.3}% 5
\BOOKMARK [3][-]{subsubsection.1.3.2}{Function}{subsection.1.3}% 6
\BOOKMARK [3][-]{subsubsection.1.3.3}{Predicate}{subsection.1.3}% 7
\BOOKMARK [3][-]{subsubsection.1.3.4}{Clause}{subsection.1.3}% 8
\BOOKMARK [2][-]{subsection.1.4}{Optimization}{section.1}% 9
\BOOKMARK [1][-]{section.2}{Related Work}{}% 10
\BOOKMARK [1][-]{section.3}{Models}{}% 11
\BOOKMARK [2][-]{subsection.3.1}{Logic Tensor Network \(LTN\)}{section.3}% 12
\BOOKMARK [2][-]{subsection.3.2}{Convolutional Logic Tensor Network \(C-LTN\)}{section.3}% 13
\BOOKMARK [2][-]{subsection.3.3}{Universal and Existential Quantifiers}{section.3}% 14
\BOOKMARK [2][-]{subsection.3.4}{Weighted Knowledge Base}{section.3}% 15
\BOOKMARK [1][-]{section.4}{Experiments}{}% 16
\BOOKMARK [2][-]{subsection.4.1}{Friends and Smokers}{section.4}% 17
\BOOKMARK [2][-]{subsection.4.2}{Fit Knowledge Base}{section.4}% 18
\BOOKMARK [2][-]{subsection.4.3}{Learn From Rule}{section.4}% 19
\BOOKMARK [2][-]{subsection.4.4}{Parameter Sensitive}{section.4}% 20
\BOOKMARK [1][-]{section.5}{Conclusion}{}% 21
\BOOKMARK [1][-]{section*.14}{References}{}% 22
